2022-02-07T10:03:09.552Z - [INFO] Running development environment
2022-02-07T10:13:12.407Z - [INFO] Running development environment
2022-02-07T10:25:00.323Z - [INFO] Running development environment
2022-02-07T10:40:26.971Z - [INFO] Running test environment
2022-02-07T10:43:35.416Z - [INFO] Running test environment
2022-02-07T10:50:11.103Z - [INFO] Running development environment
2022-02-07T10:56:02.197Z - [INFO] Running development environment
2022-02-07T10:56:04.078Z - [INFO] Running development environment
2022-02-07T10:57:18.338Z - [INFO] Running test environment
2022-02-07T11:14:51.922Z - [INFO] Running test environment
2022-02-07T11:15:41.403Z - [INFO] Running development environment
2022-02-07T11:16:34.672Z - [INFO] Running development environment
2022-02-07T11:19:44.613Z - [INFO] Running development environment
2022-02-07T11:19:47.711Z - [INFO] Running development environment
2022-02-07T11:19:49.907Z - [INFO] Running development environment
2022-02-07T11:21:42.362Z - [INFO] Running development environment
2022-02-07T11:21:43.357Z - [INFO] Running development environment
2022-02-07T11:21:46.799Z - [INFO] Running development environment
2022-02-07T11:21:47.853Z - [INFO] Running development environment
2022-02-07T11:22:10.756Z - [INFO] Running development environment
2022-02-07T11:22:12.204Z - [INFO] Running development environment
2022-02-07T11:22:15.074Z - [INFO] Running development environment
2022-02-07T11:22:16.676Z - [INFO] Running development environment
2022-02-07T11:22:39.140Z - [INFO] Running development environment
2022-02-07T11:23:09.485Z - [INFO] Running development environment
2022-02-07T11:24:20.193Z - [INFO] Running development environment
2022-02-07T11:24:21.484Z - [INFO] Running development environment
2022-02-07T11:24:23.803Z - [INFO] Running development environment
2022-02-07T11:24:25.478Z - [INFO] Running development environment
2022-02-07T11:24:30.011Z - [INFO] Running development environment
2022-02-07T11:24:32.870Z - [INFO] Running development environment
2022-02-07T11:24:34.139Z - [INFO] Running development environment
2022-02-07T11:24:37.820Z - [INFO] Running development environment
2022-02-07T11:24:40.942Z - [INFO] Running development environment
2022-02-07T11:24:43.296Z - [INFO] Running development environment
2022-02-07T11:25:15.157Z - [INFO] Running development environment
2022-02-07T11:25:17.515Z - [INFO] Running development environment
2022-02-07T11:25:20.658Z - [INFO] Running development environment
2022-02-07T11:25:27.610Z - [INFO] Running development environment
2022-02-07T11:25:40.087Z - [INFO] Running development environment
2022-02-07T11:25:41.057Z - [INFO] Running development environment
2022-02-07T11:25:46.897Z - [INFO] Running development environment
2022-02-07T11:26:04.059Z - [INFO] Running development environment
2022-02-07T11:26:05.211Z - [INFO] Running development environment
2022-02-07T11:26:12.995Z - [INFO] Running development environment
2022-02-07T11:26:26.217Z - [INFO] Running development environment
2022-02-07T11:26:54.346Z - [INFO] Running development environment
2022-02-07T11:26:57.187Z - [INFO] Running development environment
2022-02-07T11:27:15.296Z - [INFO] Running development environment
2022-02-07T11:27:32.507Z - [INFO] Running development environment
2022-02-07T11:27:34.668Z - [INFO] Running development environment
2022-02-07T11:27:48.009Z - [INFO] Running development environment
2022-02-07T11:29:01.844Z - [INFO] Running development environment
2022-02-07T11:29:22.515Z - [INFO] Running development environment
2022-02-07T11:29:33.168Z - [INFO] Running development environment
2022-02-07T11:29:35.471Z - [INFO] Running development environment
2022-02-07T11:29:40.443Z - [INFO] Running development environment
2022-02-07T11:30:09.394Z - [INFO] Running development environment
2022-02-07T11:30:36.413Z - [INFO] Running development environment
2022-02-07T11:30:38.511Z - [INFO] Running development environment
2022-02-07T12:38:36.012Z - [INFO] Running development environment
2022-02-07T12:38:37.989Z - [INFO] Running development environment
2022-02-07T12:38:44.358Z - [INFO] Running development environment
2022-02-07T12:39:08.576Z - [INFO] Running development environment
2022-02-07T12:39:32.368Z - [INFO] Running development environment
2022-02-07T12:41:30.925Z - [INFO] Running development environment
2022-02-07T12:41:46.753Z - [INFO] Running development environment
2022-02-07T12:41:49.781Z - [INFO] Running development environment
2022-02-07T12:42:33.585Z - [INFO] Running development environment
2022-02-07T12:42:39.417Z - [INFO] Running development environment
2022-02-07T12:42:40.549Z - [INFO] Running development environment
2022-02-07T12:42:47.148Z - [INFO] Running development environment
2022-02-07T12:43:06.503Z - [INFO] Running development environment
2022-02-07T12:43:07.407Z - [INFO] Running development environment
2022-02-07T12:43:15.849Z - [INFO] Running development environment
2022-02-07T12:43:19.441Z - [INFO] Running development environment
2022-02-07T12:43:55.271Z - [INFO] Running development environment
2022-02-07T12:44:23.690Z - [INFO] Running development environment
2022-02-07T12:47:39.741Z - [INFO] Running development environment
2022-02-07T12:47:42.171Z - [INFO] Running development environment
2022-02-07T12:47:44.934Z - [INFO] Running development environment
2022-02-07T12:48:16.328Z - [INFO] Running development environment
2022-02-07T13:08:40.873Z - [INFO] Running test environment
2022-02-07T13:21:49.846Z - [INFO] Running development environment
2022-02-07T13:22:40.384Z - [INFO] Running development environment
2022-02-07T13:22:55.219Z - [INFO] Running development environment
2022-02-07T13:23:12.503Z - [INFO] Running development environment
2022-02-07T13:23:23.734Z - [INFO] Running test environment
2022-02-07T13:28:05.206Z - [INFO] Running development environment
2022-02-07T13:39:05.614Z - [INFO] Running development environment
2022-02-07T13:43:43.840Z - [INFO] Running development environment
2022-02-07T13:43:55.808Z - [INFO] Running development environment
2022-02-07T13:44:02.696Z - [INFO] Running development environment
2022-02-07T13:44:07.120Z - [INFO] Running development environment
2022-02-07T13:44:12.116Z - [INFO] Running development environment
2022-02-07T13:44:26.130Z - [INFO] Running development environment
2022-02-07T13:44:42.794Z - [INFO] Running development environment
2022-02-07T13:45:02.020Z - [INFO] Running development environment
2022-02-07T13:45:30.848Z - [INFO] Running test environment
2022-02-07T13:47:42.238Z - [INFO] Running test environment
2022-02-07T13:48:32.235Z - [INFO] Running test environment
2022-02-07T13:55:13.706Z - [INFO] Running test environment
2022-02-07T13:56:59.251Z - [INFO] Running test environment
2022-02-07T13:58:53.927Z - [INFO] Running test environment
2022-02-07T14:39:47.677Z - [INFO] Running development environment
2022-02-07T14:40:16.356Z - [INFO] Running development environment
2022-02-08T08:05:42.507Z - [INFO] Running test environment
2022-02-08T08:05:54.283Z - [INFO] Running development environment
2022-02-08T08:14:50.484Z - [INFO] Running development environment
2022-02-08T08:14:53.985Z - [INFO] Running development environment
2022-02-08T08:14:56.350Z - [INFO] Running development environment
2022-02-08T08:14:59.014Z - [INFO] Running development environment
2022-02-08T08:15:04.372Z - [INFO] Running development environment
2022-02-08T08:15:11.764Z - [INFO] Running development environment
2022-02-08T08:15:16.691Z - [INFO] Running development environment
2022-02-08T08:15:22.040Z - [INFO] Running development environment
2022-02-08T08:15:32.761Z - [INFO] Running development environment
2022-02-08T08:15:34.043Z - [INFO] Running development environment
2022-02-08T08:15:36.172Z - [INFO] Running development environment
2022-02-08T08:15:50.047Z - [INFO] Running development environment
2022-02-08T08:15:56.064Z - [INFO] Running development environment
2022-02-08T08:15:59.369Z - [INFO] Running development environment
2022-02-08T08:16:06.734Z - [INFO] Running development environment
2022-02-08T08:16:09.332Z - [INFO] Running development environment
2022-02-08T08:16:12.727Z - [INFO] Running development environment
2022-02-08T08:16:20.441Z - [INFO] Running development environment
2022-02-08T08:16:50.428Z - [INFO] Running development environment
2022-02-08T08:17:12.661Z - [INFO] Running development environment
2022-02-08T08:17:13.697Z - [INFO] Running development environment
2022-02-08T08:17:19.304Z - [INFO] Running development environment
2022-02-08T08:17:25.762Z - [INFO] Running development environment
2022-02-08T08:17:26.866Z - [INFO] Running development environment
2022-02-08T08:17:34.579Z - [INFO] Running development environment
2022-02-08T08:17:57.746Z - [INFO] Running development environment
2022-02-08T08:18:02.204Z - [INFO] Running development environment
2022-02-08T08:18:05.239Z - [INFO] Running development environment
2022-02-08T08:18:13.860Z - [INFO] Running development environment
2022-02-08T08:18:25.795Z - [INFO] Running development environment
2022-02-08T08:18:35.338Z - [INFO] Running development environment
2022-02-08T08:20:37.396Z - [INFO] Running development environment
2022-02-08T08:20:40.430Z - [INFO] Running development environment
2022-02-08T08:20:42.452Z - [INFO] Running development environment
2022-02-08T08:20:45.448Z - [INFO] Running development environment
2022-02-08T08:21:00.255Z - [INFO] Running development environment
2022-02-08T08:22:59.614Z - [INFO] Running development environment
2022-02-08T08:23:11.934Z - [INFO] Running development environment
2022-02-08T08:23:13.552Z - [INFO] Running development environment
2022-02-08T08:23:15.438Z - [INFO] Running development environment
2022-02-08T08:23:27.490Z - [INFO] Running development environment
2022-02-08T08:23:29.687Z - [INFO] Running development environment
2022-02-08T08:23:32.224Z - [INFO] Running development environment
2022-02-08T08:23:35.666Z - [INFO] Running development environment
2022-02-08T08:24:08.221Z - [INFO] Running development environment
2022-02-08T08:24:09.398Z - [INFO] Running development environment
2022-02-08T08:25:04.603Z - [INFO] Running development environment
2022-02-08T08:25:08.142Z - [INFO] Running development environment
2022-02-08T08:25:17.531Z - [INFO] Running development environment
2022-02-08T08:25:33.165Z - [INFO] Running development environment
2022-02-08T08:25:35.655Z - [INFO] Running development environment
2022-02-08T08:25:36.817Z - [INFO] Running development environment
2022-02-08T08:25:39.443Z - [INFO] Running development environment
2022-02-08T08:25:41.159Z - [INFO] Running development environment
2022-02-08T08:25:42.300Z - [INFO] Running development environment
2022-02-08T08:25:45.099Z - [INFO] Running development environment
2022-02-08T08:25:47.589Z - [INFO] Running development environment
2022-02-08T08:26:00.378Z - [INFO] Running development environment
2022-02-08T08:26:29.137Z - [INFO] Running development environment
2022-02-08T08:26:32.531Z - [INFO] Running development environment
2022-02-08T08:26:36.217Z - [INFO] Running development environment
2022-02-08T08:26:46.824Z - [INFO] Running development environment
2022-02-08T08:26:52.007Z - [INFO] Running development environment
2022-02-08T08:26:56.403Z - [INFO] Running development environment
2022-02-08T08:26:59.744Z - [INFO] Running development environment
2022-02-08T08:27:03.338Z - [INFO] Running development environment
2022-02-08T08:27:15.379Z - [INFO] Running development environment
2022-02-08T08:27:19.869Z - [INFO] Running development environment
2022-02-08T08:27:23.373Z - [INFO] Running development environment
2022-02-08T08:27:25.277Z - [INFO] Running development environment
2022-02-08T08:27:29.254Z - [INFO] Running development environment
2022-02-08T08:27:30.346Z - [INFO] Running development environment
2022-02-08T08:28:03.377Z - [INFO] Running development environment
2022-02-08T08:28:05.516Z - [INFO] Running development environment
2022-02-08T08:28:28.528Z - [INFO] Running development environment
2022-02-08T08:28:36.055Z - [INFO] Running development environment
2022-02-08T08:28:37.711Z - [INFO] Running development environment
2022-02-08T08:28:41.136Z - [INFO] Running development environment
2022-02-08T08:28:42.299Z - [INFO] Running development environment
2022-02-08T08:28:51.337Z - [INFO] Running development environment
2022-02-08T08:29:03.315Z - [INFO] Running development environment
2022-02-08T08:29:04.464Z - [INFO] Running development environment
2022-02-08T08:29:07.349Z - [INFO] Running development environment
2022-02-08T08:29:09.217Z - [INFO] Running development environment
2022-02-08T08:29:31.777Z - [INFO] Running development environment
2022-02-08T08:29:37.812Z - [INFO] Running development environment
2022-02-08T08:29:39.542Z - [INFO] Running development environment
2022-02-08T08:29:40.933Z - [INFO] Running development environment
2022-02-08T08:29:45.841Z - [INFO] Running development environment
2022-02-08T08:30:49.790Z - [INFO] Running development environment
2022-02-08T08:30:57.816Z - [INFO] Running development environment
2022-02-08T08:31:00.523Z - [INFO] Running development environment
2022-02-08T08:31:02.056Z - [INFO] Running development environment
2022-02-08T08:31:11.057Z - [INFO] Running development environment
2022-02-08T08:31:12.823Z - [INFO] Running development environment
2022-02-08T08:31:15.234Z - [INFO] Running development environment
2022-02-08T08:31:19.853Z - [INFO] Running development environment
2022-02-08T08:31:25.505Z - [INFO] Running development environment
2022-02-08T08:31:32.337Z - [INFO] Running development environment
2022-02-08T08:31:53.044Z - [INFO] Running development environment
2022-02-08T08:31:54.376Z - [INFO] Running development environment
2022-02-08T08:32:13.575Z - [INFO] Running development environment
2022-02-08T08:32:20.920Z - [INFO] Running development environment
2022-02-08T08:32:30.029Z - [INFO] Running development environment
2022-02-08T08:32:37.903Z - [INFO] Running development environment
2022-02-08T08:33:52.705Z - [INFO] Running development environment
2022-02-08T08:33:56.858Z - [INFO] Running development environment
2022-02-08T08:33:58.225Z - [INFO] Running development environment
2022-02-08T08:33:59.662Z - [INFO] Running development environment
2022-02-08T08:34:19.185Z - [INFO] Running development environment
2022-02-08T08:34:22.938Z - [INFO] Running development environment
2022-02-08T08:34:28.980Z - [INFO] Running development environment
2022-02-08T08:34:30.563Z - [INFO] Running development environment
2022-02-08T08:34:35.200Z - [INFO] Running development environment
2022-02-08T08:34:40.336Z - [INFO] Running development environment
2022-02-08T08:34:51.142Z - [INFO] Running development environment
2022-02-08T08:34:56.004Z - [INFO] Running development environment
2022-02-08T08:35:06.396Z - [INFO] Running development environment
2022-02-08T08:35:11.240Z - [INFO] Running development environment
2022-02-08T08:35:15.237Z - [INFO] Running development environment
2022-02-08T08:35:42.133Z - [INFO] Running development environment
2022-02-08T08:35:45.685Z - [INFO] Running development environment
2022-02-08T08:35:50.814Z - [INFO] Running development environment
2022-02-08T08:50:23.734Z - [INFO] Running development environment
2022-02-08T08:50:30.320Z - [INFO] Running development environment
2022-02-08T08:55:06.840Z - [INFO] Running development environment
2022-02-08T08:55:08.690Z - [INFO] Running development environment
2022-02-08T08:55:24.593Z - [INFO] Running development environment
2022-02-08T08:56:08.132Z - [INFO] Running development environment
2022-02-08T08:56:26.499Z - [INFO] Running development environment
2022-02-08T08:56:28.871Z - [INFO] Running development environment
2022-02-08T08:56:43.214Z - [INFO] Running development environment
2022-02-08T08:56:44.920Z - [INFO] Running development environment
2022-02-08T08:56:46.446Z - [INFO] Running development environment
2022-02-08T08:56:49.718Z - [INFO] Running development environment
2022-02-08T08:59:26.371Z - [INFO] Running development environment
2022-02-08T08:59:38.422Z - [INFO] Running development environment
2022-02-08T08:59:41.698Z - [INFO] Running development environment
2022-02-08T09:00:25.389Z - [INFO] Running development environment
2022-02-08T09:00:28.312Z - [INFO] Running development environment
2022-02-08T09:00:33.074Z - [INFO] Running development environment
2022-02-08T09:04:52.680Z - [INFO] Running development environment
2022-02-08T09:05:16.208Z - [INFO] Running development environment
2022-02-08T09:05:18.015Z - [INFO] Running development environment
2022-02-08T09:05:19.465Z - [INFO] Running development environment
2022-02-08T09:05:24.350Z - [INFO] Running development environment
2022-02-08T09:05:32.110Z - [INFO] Running development environment
2022-02-08T09:05:34.665Z - [INFO] Running development environment
2022-02-08T09:05:49.148Z - [INFO] Running development environment
2022-02-08T09:05:57.436Z - [INFO] Running development environment
2022-02-08T09:06:05.136Z - [INFO] Running development environment
2022-02-08T09:06:11.438Z - [INFO] Running development environment
2022-02-08T09:06:13.420Z - [INFO] Running development environment
2022-02-08T09:06:16.864Z - [INFO] Running development environment
2022-02-08T09:06:20.069Z - [INFO] Running development environment
2022-02-08T09:06:25.282Z - [INFO] Running development environment
2022-02-08T09:07:22.842Z - [INFO] Running development environment
2022-02-08T09:07:38.250Z - [INFO] Running development environment
2022-02-08T09:07:41.891Z - [INFO] Running development environment
2022-02-08T09:07:47.118Z - [INFO] Running development environment
2022-02-08T09:07:49.366Z - [INFO] Running development environment
2022-02-08T09:07:51.268Z - [INFO] Running development environment
2022-02-08T09:08:00.959Z - [INFO] Running development environment
2022-02-08T09:08:08.630Z - [INFO] Running development environment
2022-02-08T09:08:10.863Z - [INFO] Running development environment
2022-02-08T09:08:19.847Z - [INFO] Running development environment
2022-02-08T09:08:33.620Z - [INFO] Running development environment
2022-02-08T09:08:37.584Z - [INFO] Running development environment
2022-02-08T09:08:43.995Z - [INFO] Running development environment
2022-02-08T09:08:46.276Z - [INFO] Running development environment
2022-02-08T09:08:57.348Z - [INFO] Running development environment
2022-02-08T09:09:10.662Z - [INFO] Running development environment
2022-02-08T09:09:20.492Z - [INFO] Running development environment
2022-02-08T09:09:26.186Z - [INFO] Running development environment
2022-02-08T09:09:39.045Z - [INFO] Running development environment
2022-02-08T09:09:52.231Z - [INFO] Running development environment
2022-02-08T09:10:01.114Z - [INFO] Running development environment
2022-02-08T09:10:04.220Z - [INFO] Running development environment
2022-02-08T09:10:08.937Z - [INFO] Running development environment
2022-02-08T09:10:13.365Z - [INFO] Running development environment
2022-02-08T09:10:15.933Z - [INFO] Running development environment
2022-02-08T09:10:20.453Z - [INFO] Running development environment
2022-02-08T09:10:38.047Z - [INFO] Running development environment
2022-02-08T09:10:44.408Z - [INFO] Running development environment
2022-02-08T09:10:50.294Z - [INFO] Running development environment
2022-02-08T09:10:52.919Z - [INFO] Running development environment
2022-02-08T09:10:55.998Z - [INFO] Running development environment
2022-02-08T09:10:58.382Z - [INFO] Running development environment
2022-02-08T09:10:59.930Z - [INFO] Running development environment
2022-02-08T09:11:03.072Z - [INFO] Running development environment
2022-02-08T09:11:04.301Z - [INFO] Running development environment
2022-02-08T09:11:06.162Z - [INFO] Running development environment
2022-02-08T09:11:16.864Z - [INFO] Running development environment
2022-02-08T09:11:20.915Z - [INFO] Running development environment
2022-02-08T09:11:29.533Z - [INFO] Running development environment
2022-02-08T09:11:31.452Z - [INFO] Running development environment
2022-02-08T09:11:36.972Z - [INFO] Running development environment
2022-02-08T09:11:38.018Z - [INFO] Running development environment
2022-02-08T09:11:50.804Z - [INFO] Running development environment
2022-02-08T09:11:53.823Z - [INFO] Running development environment
2022-02-08T09:11:57.749Z - [INFO] Running development environment
2022-02-08T09:11:59.188Z - [INFO] Running development environment
2022-02-08T09:12:03.170Z - [INFO] Running development environment
2022-02-08T09:14:37.166Z - [INFO] Running development environment
2022-02-08T09:14:49.278Z - [INFO] Email sent: 250 2.0.0 OK  1644311689 f14sm1655635wmq.40 - gsmtp
2022-02-08T09:15:52.039Z - [INFO] Running development environment
2022-02-08T09:15:55.183Z - [INFO] Running development environment
2022-02-08T09:15:56.513Z - [INFO] Running development environment
2022-02-08T09:16:22.223Z - [INFO] Running development environment
2022-02-08T09:16:29.549Z - [INFO] Running development environment
2022-02-08T09:16:34.661Z - [INFO] Running development environment
2022-02-08T09:16:45.462Z - [INFO] Email sent: 250 2.0.0 OK  1644311805 p3sm1662520wmq.40 - gsmtp
2022-02-08T09:17:02.271Z - [INFO] Running development environment
2022-02-08T09:17:10.320Z - [INFO] Running development environment
2022-02-08T09:17:15.511Z - [INFO] Running development environment
2022-02-08T09:17:16.555Z - [INFO] Running development environment
2022-02-08T09:17:21.154Z - [INFO] Running development environment
2022-02-08T09:17:47.676Z - [INFO] Email sent: 250 2.0.0 OK  1644311867 f20sm1863276wmg.2 - gsmtp
2022-02-08T09:18:20.062Z - [INFO] Running development environment
2022-02-08T09:18:25.456Z - [INFO] Running development environment
2022-02-08T09:18:28.157Z - [INFO] Running development environment
2022-02-08T09:28:30.167Z - [INFO] Running development environment
2022-02-08T09:28:53.789Z - [INFO] Running development environment
2022-02-08T09:28:57.533Z - [INFO] Running development environment
2022-02-08T09:29:01.120Z - [INFO] Running development environment
2022-02-08T09:29:38.913Z - [INFO] Running development environment
2022-02-08T09:29:43.558Z - [INFO] Running development environment
2022-02-08T09:30:02.280Z - [INFO] Running development environment
2022-02-08T09:30:18.129Z - [INFO] Running development environment
2022-02-08T09:30:20.401Z - [INFO] Running development environment
2022-02-08T09:30:24.429Z - [INFO] Running development environment
2022-02-08T09:30:31.149Z - [INFO] Running development environment
2022-02-08T09:30:41.415Z - [INFO] Running development environment
2022-02-08T09:30:47.729Z - [INFO] Running development environment
2022-02-08T09:30:58.191Z - [INFO] Running development environment
2022-02-08T09:30:59.390Z - [INFO] Running development environment
2022-02-08T09:31:02.699Z - [INFO] Running development environment
2022-02-08T09:31:50.559Z - [INFO] Running development environment
2022-02-08T09:34:09.679Z - [INFO] Running development environment
2022-02-08T09:34:10.608Z - [INFO] Running development environment
2022-02-08T09:34:16.275Z - [INFO] Running development environment
2022-02-08T09:34:26.364Z - [INFO] Running development environment
2022-02-08T09:34:33.689Z - [INFO] Running development environment
2022-02-08T09:34:40.289Z - [INFO] Running development environment
2022-02-08T09:34:43.950Z - [INFO] Running development environment
2022-02-08T09:36:24.305Z - [INFO] Running development environment
2022-02-08T09:37:52.937Z - [INFO] Running development environment
2022-02-08T09:37:54.607Z - [INFO] Running development environment
2022-02-08T09:38:01.962Z - [INFO] Running development environment
2022-02-08T09:38:04.214Z - [INFO] Running development environment
2022-02-08T09:38:06.555Z - [INFO] Running development environment
2022-02-08T09:38:08.788Z - [INFO] Running development environment
2022-02-08T09:38:11.233Z - [INFO] Running development environment
2022-02-08T09:38:14.995Z - [INFO] Running development environment
2022-02-08T09:38:37.327Z - [INFO] Running development environment
2022-02-08T09:38:48.756Z - [INFO] Running development environment
2022-02-08T09:38:58.527Z - [INFO] Running development environment
2022-02-08T09:39:01.444Z - [INFO] Running development environment
2022-02-08T09:39:02.538Z - [INFO] Running development environment
2022-02-08T09:39:03.886Z - [INFO] Running development environment
2022-02-08T09:39:36.442Z - [INFO] Running development environment
2022-02-08T09:39:38.214Z - [INFO] Running development environment
2022-02-08T09:39:41.898Z - [INFO] Running development environment
2022-02-08T09:39:47.772Z - [INFO] Running development environment
2022-02-08T09:39:50.227Z - [INFO] Running development environment
2022-02-08T09:39:58.818Z - [INFO] Running development environment
2022-02-08T09:39:59.891Z - [INFO] Running development environment
2022-02-08T09:40:10.905Z - [INFO] Running development environment
2022-02-08T09:40:24.249Z - [INFO] Running development environment
2022-02-08T09:40:27.496Z - [INFO] Running development environment
2022-02-08T09:40:29.357Z - [INFO] Running development environment
2022-02-08T09:40:33.229Z - [INFO] Running development environment
2022-02-08T09:40:37.873Z - [INFO] Running development environment
2022-02-08T09:40:49.911Z - [INFO] Running development environment
2022-02-08T09:41:14.643Z - [INFO] Running development environment
2022-02-08T09:41:17.792Z - [INFO] Running development environment
2022-02-08T09:41:19.002Z - [INFO] Running development environment
2022-02-08T09:41:20.341Z - [INFO] Running development environment
2022-02-08T09:41:38.442Z - [INFO] Running development environment
2022-02-08T09:41:44.334Z - [INFO] Running development environment
2022-02-08T09:41:50.287Z - [INFO] Running development environment
2022-02-08T09:41:53.443Z - [INFO] Running development environment
2022-02-08T09:42:46.706Z - [INFO] Email sent: 250 2.0.0 OK  1644313366 j6sm6380833edl.98 - gsmtp
2022-02-08T09:47:43.630Z - [INFO] Running development environment
2022-02-08T09:47:53.225Z - [INFO] Running development environment
2022-02-08T09:50:41.270Z - [INFO] Running development environment
2022-02-08T09:50:42.404Z - [INFO] Running development environment
2022-02-08T09:50:45.201Z - [INFO] Running development environment
2022-02-08T09:51:08.665Z - [INFO] Running development environment
2022-02-08T09:52:25.682Z - [INFO] Running development environment
2022-02-08T09:52:27.115Z - [INFO] Running development environment
2022-02-08T09:52:28.535Z - [INFO] Running development environment
2022-02-08T09:52:33.383Z - [INFO] Running development environment
2022-02-08T09:52:35.345Z - [INFO] Running development environment
2022-02-08T09:52:43.048Z - [INFO] Running development environment
2022-02-08T09:52:52.091Z - [INFO] Running development environment
2022-02-08T09:53:06.902Z - [INFO] Running development environment
2022-02-08T09:57:57.069Z - [INFO] Running development environment
2022-02-08T09:59:16.217Z - [INFO] Running development environment
2022-02-08T09:59:19.854Z - [INFO] Running development environment
2022-02-08T09:59:45.140Z - [INFO] Running development environment
2022-02-08T09:59:48.268Z - [INFO] Running development environment
2022-02-08T09:59:50.394Z - [INFO] Running development environment
2022-02-08T10:00:13.373Z - [INFO] Running development environment
2022-02-08T10:00:15.271Z - [INFO] Running development environment
2022-02-08T10:00:56.628Z - [INFO] Running development environment
2022-02-08T10:01:26.084Z - [INFO] Running development environment
2022-02-08T10:03:47.255Z - [INFO] Running development environment
2022-02-08T10:22:39.991Z - [INFO] Running development environment
2022-02-08T10:24:41.004Z - [INFO] Running development environment
2022-02-08T10:24:46.643Z - [INFO] Running development environment
2022-02-08T10:26:59.815Z - [INFO] Running development environment
2022-02-08T10:27:02.156Z - [INFO] Running development environment
2022-02-08T10:27:07.310Z - [INFO] Running development environment
2022-02-08T10:27:11.995Z - [INFO] Running development environment
2022-02-08T10:27:24.101Z - [INFO] Running development environment
2022-02-08T10:27:28.472Z - [INFO] Running development environment
2022-02-08T10:27:34.469Z - [INFO] Running development environment
2022-02-08T10:27:36.287Z - [INFO] Running development environment
2022-02-08T10:27:48.820Z - [INFO] Running development environment
2022-02-08T10:28:01.360Z - [INFO] Running development environment
2022-02-08T10:28:05.838Z - [INFO] Running development environment
2022-02-08T10:28:14.129Z - [INFO] Running development environment
2022-02-08T10:29:12.747Z - [INFO] Running development environment
2022-02-08T10:30:15.765Z - [INFO] Running development environment
2022-02-08T10:30:25.039Z - [INFO] Running development environment
2022-02-08T10:30:27.961Z - [INFO] Running development environment
2022-02-08T10:30:32.003Z - [INFO] Running development environment
2022-02-08T10:31:02.678Z - [INFO] Running development environment
2022-02-08T10:34:23.875Z - [INFO] Running development environment
2022-02-08T10:34:25.121Z - [INFO] Running development environment
2022-02-08T10:34:41.740Z - [INFO] Running development environment
2022-02-08T10:34:44.474Z - [INFO] Running development environment
2022-02-08T10:34:48.535Z - [INFO] Running development environment
2022-02-08T10:34:49.940Z - [INFO] Running development environment
2022-02-08T10:34:58.353Z - [INFO] Running development environment
2022-02-08T10:35:23.585Z - [INFO] Running development environment
2022-02-08T10:35:26.033Z - [INFO] Running development environment
2022-02-08T10:36:02.144Z - [INFO] Running development environment
2022-02-08T10:36:21.207Z - [INFO] Running development environment
2022-02-08T10:37:10.630Z - [INFO] Running development environment
2022-02-08T10:37:19.420Z - [INFO] Running development environment
2022-02-08T10:37:20.856Z - [INFO] Running development environment
2022-02-08T10:39:29.565Z - [INFO] Running development environment
2022-02-08T10:39:30.912Z - [INFO] Running development environment
2022-02-08T10:40:11.633Z - [INFO] Running development environment
2022-02-08T10:40:16.069Z - [INFO] Running development environment
2022-02-08T10:40:37.150Z - [INFO] Running development environment
2022-02-08T10:40:53.528Z - [INFO] Running development environment
2022-02-08T10:42:08.119Z - [INFO] Running development environment
2022-02-08T10:42:30.244Z - [INFO] Running development environment
2022-02-08T10:42:31.450Z - [INFO] Running development environment
2022-02-08T10:42:33.664Z - [INFO] Running development environment
2022-02-08T10:42:34.688Z - [INFO] Running development environment
2022-02-08T10:43:02.673Z - [INFO] Running development environment
2022-02-08T10:43:06.612Z - [INFO] Running development environment
2022-02-08T10:43:10.254Z - [INFO] Running development environment
2022-02-08T10:43:12.586Z - [INFO] Running development environment
2022-02-08T10:43:16.636Z - [INFO] Running development environment
2022-02-08T10:43:20.044Z - [INFO] Running development environment
2022-02-08T10:43:28.598Z - [INFO] Running development environment
2022-02-08T10:43:54.536Z - [INFO] Running development environment
2022-02-08T10:43:55.761Z - [INFO] Running development environment
2022-02-08T10:43:58.934Z - [INFO] Running development environment
2022-02-08T10:44:00.970Z - [INFO] Running development environment
2022-02-08T10:44:02.679Z - [INFO] Running development environment
2022-02-08T10:44:43.750Z - [INFO] Running development environment
2022-02-08T10:44:45.742Z - [INFO] Running development environment
2022-02-08T10:44:47.645Z - [INFO] Running development environment
2022-02-08T10:44:49.523Z - [INFO] Running development environment
2022-02-08T10:44:56.022Z - [INFO] Running development environment
2022-02-08T10:46:08.839Z - [INFO] Running development environment
2022-02-08T10:46:59.383Z - [INFO] Running development environment
2022-02-08T10:47:00.793Z - [INFO] Running development environment
2022-02-08T10:47:16.906Z - [INFO] Running development environment
2022-02-08T10:47:20.214Z - [INFO] Running development environment
2022-02-08T10:47:23.318Z - [INFO] Running development environment
2022-02-08T10:47:30.384Z - [INFO] Running development environment
2022-02-08T10:47:43.251Z - [INFO] Running development environment
2022-02-08T10:47:53.711Z - [INFO] Running development environment
2022-02-08T10:48:36.077Z - [INFO] Running development environment
2022-02-08T10:48:37.216Z - [INFO] Running development environment
2022-02-08T10:48:40.180Z - [INFO] Running development environment
2022-02-08T10:48:45.993Z - [INFO] Running development environment
2022-02-08T10:49:51.305Z - [INFO] Running development environment
2022-02-08T10:50:07.857Z - [INFO] Running development environment
2022-02-08T10:50:12.676Z - [INFO] Running development environment
2022-02-08T10:50:14.198Z - [INFO] Running development environment
2022-02-08T10:50:18.696Z - [INFO] Running development environment
2022-02-08T10:50:20.515Z - [INFO] Running development environment
2022-02-08T10:50:24.736Z - [INFO] Running development environment
2022-02-08T10:50:26.321Z - [INFO] Running development environment
2022-02-08T10:50:36.736Z - [INFO] Running development environment
2022-02-08T10:50:45.933Z - [INFO] Running development environment
2022-02-08T10:51:02.314Z - [INFO] Running development environment
2022-02-08T10:51:04.559Z - [INFO] Running development environment
2022-02-08T10:51:06.490Z - [INFO] Running development environment
2022-02-08T10:52:35.188Z - [INFO] Running development environment
2022-02-08T10:52:44.530Z - [INFO] Running development environment
2022-02-08T10:53:12.613Z - [INFO] Running development environment
2022-02-08T10:53:17.762Z - [INFO] Running development environment
2022-02-08T10:53:29.525Z - [INFO] Running development environment
2022-02-08T10:53:51.795Z - [INFO] Running development environment
2022-02-08T10:53:57.010Z - [INFO] Running development environment
2022-02-08T10:54:02.889Z - [INFO] Running development environment
2022-02-08T10:54:06.311Z - [INFO] Running development environment
2022-02-08T10:54:44.025Z - [INFO] Running development environment
2022-02-08T10:54:44.934Z - [INFO] Running development environment
2022-02-08T10:54:47.058Z - [INFO] Running development environment
2022-02-08T10:54:48.432Z - [INFO] Running development environment
2022-02-08T10:54:52.440Z - [INFO] Running development environment
2022-02-08T10:55:01.134Z - [INFO] Running development environment
2022-02-08T10:55:10.153Z - [INFO] Running development environment
2022-02-08T10:55:16.400Z - [INFO] Running development environment
2022-02-08T10:55:45.917Z - [INFO] Running development environment
2022-02-08T10:55:49.149Z - [INFO] Running development environment
2022-02-08T10:55:57.032Z - [INFO] Running development environment
2022-02-08T10:56:10.373Z - [INFO] Running development environment
2022-02-08T10:56:12.710Z - [INFO] Running development environment
2022-02-08T10:56:15.176Z - [INFO] Running development environment
2022-02-08T10:56:18.459Z - [INFO] Running development environment
2022-02-08T10:57:09.810Z - [INFO] Running development environment
2022-02-08T10:57:13.377Z - [INFO] Running development environment
2022-02-08T10:57:16.400Z - [INFO] Running development environment
2022-02-08T10:57:28.942Z - [INFO] Running development environment
2022-02-08T10:57:34.987Z - [INFO] Running development environment
2022-02-08T10:57:41.403Z - [INFO] Running development environment
2022-02-08T10:57:44.173Z - [INFO] Running development environment
2022-02-08T10:57:45.376Z - [INFO] Running development environment
2022-02-08T10:57:50.489Z - [INFO] Running development environment
2022-02-08T10:57:52.603Z - [INFO] Running development environment
2022-02-08T10:58:26.427Z - [INFO] Running development environment
2022-02-08T10:58:27.647Z - [INFO] Running development environment
2022-02-08T10:58:29.671Z - [INFO] Running development environment
2022-02-08T10:58:47.157Z - [INFO] Running development environment
2022-02-08T10:58:52.775Z - [INFO] Running development environment
2022-02-08T10:59:01.111Z - [INFO] Running development environment
2022-02-08T10:59:03.474Z - [INFO] Running development environment
2022-02-08T10:59:30.771Z - [INFO] Running development environment
2022-02-08T11:09:55.250Z - [INFO] Running development environment
2022-02-08T11:10:10.707Z - [INFO] Running development environment
2022-02-08T11:10:19.218Z - [INFO] Running development environment
2022-02-08T11:10:33.450Z - [INFO] Running development environment
2022-02-08T11:10:41.691Z - [INFO] Running development environment
2022-02-08T11:10:42.773Z - [INFO] Running development environment
2022-02-08T11:11:05.330Z - [INFO] Running development environment
2022-02-08T11:11:35.712Z - [INFO] Running development environment
2022-02-08T11:11:53.765Z - [INFO] Running development environment
2022-02-08T11:12:19.866Z - [INFO] Running development environment
2022-02-08T11:12:20.748Z - [INFO] Running development environment
2022-02-08T11:12:43.026Z - [INFO] Running development environment
2022-02-08T11:12:45.931Z - [INFO] Running development environment
2022-02-08T11:14:20.543Z - [INFO] Running development environment
2022-02-08T11:15:17.139Z - [INFO] Running development environment
2022-02-08T11:15:20.396Z - [INFO] Running development environment
2022-02-08T11:15:21.515Z - [INFO] Running development environment
2022-02-08T11:15:37.166Z - [INFO] Running development environment
2022-02-08T11:15:50.881Z - [INFO] Running development environment
2022-02-08T11:15:55.619Z - [INFO] Running development environment
2022-02-08T11:15:57.632Z - [INFO] Running development environment
2022-02-08T11:15:59.313Z - [INFO] Running development environment
2022-02-08T11:16:30.584Z - [INFO] Email sent: 250 2.0.0 OK  1644318990 os9sm1558915ejb.57 - gsmtp
2022-02-08T11:17:13.828Z - [INFO] Running development environment
2022-02-08T11:17:17.325Z - [INFO] Running development environment
2022-02-08T11:17:20.662Z - [INFO] Running development environment
2022-02-08T11:17:23.524Z - [INFO] Running development environment
2022-02-08T11:17:31.594Z - [INFO] Running development environment
2022-02-08T11:17:43.426Z - [INFO] Running development environment
2022-02-08T11:17:45.870Z - [INFO] Running development environment
2022-02-08T11:17:48.267Z - [INFO] Running development environment
2022-02-08T11:17:49.947Z - [INFO] Running development environment
2022-02-08T11:18:09.743Z - [INFO] Email sent: 250 2.0.0 OK  1644319089 c10sm2166630edr.6 - gsmtp
2022-02-08T11:18:38.841Z - [INFO] Running development environment
2022-02-08T11:18:59.285Z - [INFO] Running development environment
2022-02-08T11:19:02.805Z - [INFO] Running development environment
2022-02-08T11:19:48.040Z - [INFO] Running development environment
2022-02-08T11:19:59.555Z - [INFO] Running development environment
2022-02-08T11:20:10.475Z - [INFO] Running development environment
2022-02-08T11:20:16.132Z - [INFO] Running development environment
2022-02-08T11:20:18.154Z - [INFO] Running development environment
2022-02-08T11:20:19.801Z - [INFO] Running development environment
2022-02-08T11:20:22.957Z - [INFO] Running development environment
2022-02-08T11:20:26.400Z - [INFO] Running development environment
2022-02-08T11:20:32.008Z - [INFO] Running development environment
2022-02-08T11:20:58.668Z - [INFO] Email sent: 250 2.0.0 OK  1644319258 f23sm2968796ejx.214 - gsmtp
2022-02-08T11:22:09.466Z - [INFO] Running development environment
2022-02-08T11:22:10.638Z - [INFO] Running development environment
2022-02-08T11:22:20.255Z - [INFO] Running development environment
2022-02-08T11:22:30.321Z - [INFO] Running development environment
2022-02-08T11:23:06.548Z - [INFO] Running development environment
2022-02-08T11:23:32.729Z - [INFO] Running development environment
2022-02-08T11:25:45.234Z - [INFO] Running development environment
2022-02-08T11:25:53.182Z - [INFO] Running development environment
2022-02-08T11:25:55.008Z - [INFO] Running development environment
2022-02-08T11:25:58.100Z - [INFO] Running development environment
2022-02-08T11:26:38.798Z - [INFO] Running development environment
2022-02-08T11:26:42.392Z - [INFO] Running development environment
2022-02-08T11:26:44.797Z - [INFO] Running development environment
2022-02-08T11:26:49.533Z - [INFO] Running development environment
2022-02-08T11:26:52.111Z - [INFO] Running development environment
2022-02-08T11:26:53.206Z - [INFO] Running development environment
2022-02-08T11:26:55.639Z - [INFO] Running development environment
2022-02-08T11:26:56.764Z - [INFO] Running development environment
2022-02-08T11:26:58.748Z - [INFO] Running development environment
2022-02-08T11:27:00.492Z - [INFO] Running development environment
2022-02-08T11:27:08.929Z - [INFO] Running development environment
2022-02-08T11:27:09.976Z - [INFO] Running development environment
2022-02-08T11:27:16.526Z - [INFO] Running development environment
2022-02-08T11:27:49.581Z - [INFO] Running development environment
2022-02-08T11:27:51.630Z - [INFO] Running development environment
2022-02-08T11:27:53.361Z - [INFO] Running development environment
2022-02-08T11:28:01.757Z - [INFO] Running development environment
2022-02-08T11:28:09.691Z - [INFO] Running development environment
2022-02-08T11:28:22.966Z - [INFO] Running development environment
2022-02-08T11:28:59.187Z - [INFO] Running development environment
2022-02-08T11:30:05.743Z - [INFO] Running development environment
2022-02-08T11:30:13.083Z - [INFO] Running development environment
2022-02-08T11:30:21.317Z - [INFO] Running development environment
2022-02-08T11:30:56.325Z - [INFO] Running development environment
2022-02-08T11:30:58.788Z - [INFO] Running development environment
2022-02-08T11:31:05.891Z - [INFO] Running development environment
2022-02-08T11:32:01.647Z - [INFO] Running development environment
2022-02-08T11:32:09.922Z - [INFO] Running development environment
2022-02-08T11:32:35.982Z - [INFO] Running development environment
2022-02-08T11:32:37.368Z - [INFO] Running development environment
2022-02-08T11:32:38.764Z - [INFO] Running development environment
2022-02-08T11:32:48.636Z - [INFO] Running development environment
2022-02-08T11:32:52.358Z - [INFO] Running development environment
2022-02-08T11:32:55.328Z - [INFO] Running development environment
2022-02-08T11:33:00.211Z - [INFO] Running development environment
2022-02-08T11:33:02.572Z - [INFO] Running development environment
2022-02-08T11:33:04.260Z - [INFO] Running development environment
2022-02-08T11:33:11.788Z - [INFO] Running development environment
2022-02-08T11:33:14.938Z - [INFO] Running development environment
2022-02-08T11:33:48.921Z - [INFO] Running development environment
2022-02-08T11:33:51.168Z - [INFO] Running development environment
2022-02-08T12:02:12.728Z - [INFO] Running development environment
2022-02-08T12:04:37.252Z - [INFO] Running development environment
2022-02-08T12:05:09.710Z - [INFO] Running development environment
2022-02-08T12:07:03.219Z - [INFO] Email sent: 250 2.0.0 OK  1644322023 z6sm1844701wmf.37 - gsmtp
2022-02-08T12:08:30.016Z - [INFO] Running development environment
2022-02-08T12:08:37.491Z - [INFO] Running development environment
2022-02-08T12:08:38.727Z - [INFO] Running development environment
2022-02-08T12:08:44.770Z - [INFO] Running development environment
2022-02-08T12:08:45.835Z - [INFO] Running development environment
2022-02-08T12:11:17.107Z - [INFO] Running development environment
2022-02-08T12:11:18.518Z - [INFO] Running development environment
2022-02-08T12:12:44.386Z - [INFO] Running development environment
2022-02-08T12:13:29.909Z - [INFO] Running development environment
2022-02-08T12:13:33.276Z - [INFO] Running development environment
2022-02-08T12:13:43.467Z - [INFO] Running development environment
2022-02-08T12:13:52.629Z - [INFO] Running development environment
2022-02-08T12:13:58.883Z - [INFO] Running development environment
2022-02-08T12:14:00.447Z - [INFO] Running development environment
2022-02-08T12:14:13.985Z - [INFO] Running development environment
2022-02-08T12:14:15.960Z - [INFO] Running development environment
2022-02-08T12:14:23.043Z - [INFO] Running development environment
2022-02-08T12:14:27.172Z - [INFO] Running development environment
2022-02-08T12:14:28.566Z - [INFO] Running development environment
2022-02-08T12:14:32.996Z - [INFO] Running development environment
2022-02-08T12:14:58.998Z - [INFO] Running development environment
2022-02-08T12:15:15.905Z - [INFO] Running development environment
2022-02-08T12:15:16.749Z - [INFO] Running development environment
2022-02-08T12:15:17.888Z - [INFO] Running development environment
2022-02-08T12:15:39.407Z - [INFO] Running development environment
2022-02-08T12:15:49.401Z - [INFO] Running development environment
2022-02-08T12:15:56.454Z - [INFO] Running development environment
2022-02-08T12:16:13.151Z - [INFO] Running development environment
2022-02-08T12:16:29.085Z - [INFO] Running development environment
2022-02-08T12:16:34.040Z - [INFO] Running development environment
2022-02-08T12:16:59.399Z - [INFO] Running development environment
2022-02-08T12:17:01.574Z - [INFO] Running development environment
2022-02-08T12:17:03.587Z - [INFO] Running development environment
2022-02-08T12:17:09.129Z - [INFO] Running development environment
2022-02-08T12:17:29.050Z - [INFO] Running development environment
2022-02-08T12:17:42.773Z - [INFO] Running development environment
2022-02-08T12:18:11.866Z - [INFO] Email sent: 250 2.0.0 OK  1644322691 u18sm4738395eje.37 - gsmtp
2022-02-08T12:21:18.276Z - [INFO] Running development environment
2022-02-08T12:21:19.952Z - [INFO] Running development environment
2022-02-08T12:21:23.968Z - [INFO] Running development environment
2022-02-08T12:21:33.613Z - [INFO] Running development environment
2022-02-08T12:21:41.982Z - [INFO] Running development environment
2022-02-08T12:21:49.617Z - [INFO] Running development environment
2022-02-08T12:21:51.223Z - [INFO] Running development environment
2022-02-08T12:21:54.397Z - [INFO] Running development environment
2022-02-08T12:22:01.567Z - [INFO] Running development environment
2022-02-08T12:22:03.729Z - [INFO] Running development environment
2022-02-08T12:22:36.531Z - [INFO] Running development environment
2022-02-08T12:22:41.592Z - [INFO] Running development environment
2022-02-08T12:22:49.113Z - [INFO] Running development environment
2022-02-08T12:27:23.900Z - [INFO] Email sent: 250 2.0.0 OK  1644323243 p2sm1938187wmc.33 - gsmtp
2022-02-08T12:30:09.404Z - [INFO] Running development environment
2022-02-08T12:30:16.241Z - [INFO] Running development environment
2022-02-08T12:30:37.255Z - [INFO] Running development environment
2022-02-08T12:30:47.108Z - [INFO] Running development environment
2022-02-08T12:30:54.546Z - [INFO] Running development environment
2022-02-08T12:31:01.940Z - [INFO] Running development environment
2022-02-08T12:31:07.250Z - [INFO] Running development environment
2022-02-08T12:31:19.850Z - [INFO] Running development environment
2022-02-08T12:31:27.700Z - [INFO] Running development environment
2022-02-08T12:31:32.265Z - [INFO] Running development environment
2022-02-08T12:31:42.610Z - [INFO] Running development environment
2022-02-08T12:31:47.139Z - [INFO] Running development environment
2022-02-08T12:31:52.387Z - [INFO] Running development environment
2022-02-08T12:31:58.968Z - [INFO] Running development environment
2022-02-08T12:32:31.865Z - [INFO] Running test environment
2022-02-08T12:33:46.793Z - [INFO] Running test environment
2022-02-08T12:35:38.791Z - [INFO] Running test environment
2022-02-08T12:37:04.380Z - [INFO] Running test environment
2022-02-08T12:51:42.412Z - [INFO] Running development environment
2022-02-08T12:55:17.682Z - [INFO] Running development environment
2022-02-08T12:55:19.505Z - [INFO] Running development environment
2022-02-08T12:55:34.861Z - [INFO] Running development environment
2022-02-08T12:55:57.013Z - [INFO] Running development environment
2022-02-08T12:59:23.408Z - [INFO] Running development environment
2022-02-08T13:07:36.053Z - [INFO] Running development environment
2022-02-08T13:10:04.813Z - [INFO] Running development environment
2022-02-08T13:10:06.976Z - [INFO] Running development environment
2022-02-08T13:10:11.275Z - [INFO] Running development environment
2022-02-08T13:10:13.487Z - [INFO] Running development environment
2022-02-08T13:10:15.002Z - [INFO] Running development environment
2022-02-08T13:10:19.842Z - [INFO] Running development environment
2022-02-08T13:10:20.947Z - [INFO] Running development environment
2022-02-08T13:12:51.176Z - [INFO] Email sent: 250 2.0.0 OK  1644325971 r2sm15031711wrz.76 - gsmtp
2022-02-08T13:14:01.678Z - [INFO] Running development environment
2022-02-08T13:14:03.121Z - [INFO] Running development environment
2022-02-08T13:14:08.326Z - [INFO] Running development environment
2022-02-08T13:14:09.388Z - [INFO] Running development environment
2022-02-08T13:14:17.239Z - [INFO] Running development environment
2022-02-08T13:14:18.387Z - [INFO] Running development environment
2022-02-08T13:14:19.540Z - [INFO] Running development environment
2022-02-08T13:14:23.295Z - [INFO] Running development environment
2022-02-08T13:14:29.516Z - [INFO] Running development environment
2022-02-08T13:14:37.715Z - [INFO] Running development environment
2022-02-08T13:14:40.012Z - [INFO] Running development environment
2022-02-08T13:15:04.338Z - [INFO] Running development environment
2022-02-08T13:15:07.039Z - [INFO] Running development environment
2022-02-08T13:15:08.046Z - [INFO] Running development environment
2022-02-08T13:15:10.836Z - [INFO] Running development environment
2022-02-08T13:15:14.681Z - [INFO] Running development environment
2022-02-08T13:15:26.147Z - [INFO] Running development environment
2022-02-08T13:15:29.495Z - [INFO] Running development environment
2022-02-08T13:15:35.962Z - [INFO] Running development environment
2022-02-08T13:16:16.088Z - [INFO] Email sent: 250 2.0.0 OK  1644326176 qb30sm4757801ejc.27 - gsmtp
2022-02-08T13:26:01.510Z - [INFO] Running development environment
2022-02-08T13:26:16.444Z - [INFO] Running development environment
2022-02-08T13:26:19.035Z - [INFO] Running development environment
2022-02-08T13:26:22.206Z - [INFO] Running development environment
2022-02-08T13:26:25.840Z - [INFO] Running development environment
2022-02-08T13:27:17.575Z - [INFO] Running development environment
2022-02-08T13:27:44.440Z - [INFO] Running development environment
2022-02-08T13:27:49.176Z - [INFO] Running development environment
2022-02-08T13:28:23.355Z - [INFO] Running development environment
2022-02-08T13:28:31.080Z - [INFO] Running development environment
2022-02-08T13:28:32.770Z - [INFO] Running development environment
2022-02-08T13:29:03.639Z - [INFO] Running development environment
2022-02-08T13:29:07.202Z - [INFO] Running development environment
2022-02-08T13:29:10.935Z - [INFO] Running development environment
2022-02-08T13:29:35.990Z - [INFO] Running development environment
2022-02-08T13:29:52.090Z - [INFO] Running development environment
2022-02-08T13:29:58.063Z - [INFO] Running development environment
2022-02-08T13:30:05.168Z - [INFO] Running development environment
2022-02-08T13:30:26.212Z - [INFO] Running development environment
2022-02-08T13:30:53.647Z - [INFO] Running development environment
2022-02-08T13:31:17.034Z - [INFO] Running development environment
2022-02-08T13:31:18.310Z - [INFO] Running development environment
2022-02-08T13:31:23.648Z - [INFO] Running development environment
2022-02-08T13:31:30.837Z - [INFO] Running development environment
2022-02-08T13:31:34.566Z - [INFO] Running development environment
2022-02-08T13:31:47.248Z - [INFO] Running development environment
2022-02-08T13:33:15.816Z - [INFO] Running development environment
2022-02-08T13:33:24.614Z - [INFO] Running development environment
2022-02-08T13:33:40.601Z - [INFO] Running development environment
2022-02-08T13:36:34.478Z - [INFO] Running development environment
2022-02-08T13:36:37.938Z - [INFO] Running development environment
2022-02-08T13:37:22.060Z - [INFO] Running development environment
2022-02-08T13:37:26.088Z - [INFO] Running development environment
2022-02-08T13:37:36.049Z - [INFO] Running development environment
2022-02-08T13:37:39.057Z - [INFO] Running development environment
2022-02-08T13:37:42.279Z - [INFO] Running development environment
2022-02-08T13:38:46.102Z - [INFO] Running development environment
2022-02-08T13:39:49.616Z - [INFO] Running development environment
2022-02-08T13:39:58.218Z - [INFO] Running development environment
2022-02-08T13:42:21.985Z - [INFO] Running development environment
2022-02-08T13:42:39.484Z - [INFO] Running development environment
2022-02-08T13:42:40.672Z - [INFO] Running development environment
2022-02-08T13:42:42.313Z - [INFO] Running development environment
2022-02-08T13:42:43.726Z - [INFO] Running development environment
2022-02-08T13:43:09.266Z - [INFO] Running development environment
2022-02-08T13:43:16.489Z - [INFO] Running development environment
2022-02-08T13:43:34.570Z - [INFO] Running development environment
2022-02-08T13:43:40.023Z - [INFO] Running development environment
2022-02-08T13:43:42.796Z - [INFO] Running development environment
2022-02-08T13:43:44.169Z - [INFO] Running development environment
2022-02-08T13:43:46.645Z - [INFO] Running development environment
2022-02-08T13:43:49.673Z - [INFO] Running development environment
2022-02-08T13:44:01.321Z - [INFO] Running development environment
2022-02-08T13:44:07.820Z - [INFO] Running development environment
2022-02-08T13:44:19.021Z - [INFO] Running development environment
2022-02-08T13:45:01.092Z - [INFO] Running development environment
2022-02-08T13:45:03.744Z - [INFO] Running development environment
2022-02-08T13:45:09.499Z - [INFO] Running development environment
2022-02-08T13:45:13.212Z - [INFO] Running development environment
2022-02-08T13:45:24.028Z - [INFO] Running development environment
2022-02-08T13:45:38.933Z - [INFO] Running development environment
2022-02-08T13:45:40.052Z - [INFO] Running development environment
2022-02-08T13:45:43.184Z - [INFO] Running development environment
2022-02-08T13:45:44.173Z - [INFO] Running development environment
2022-02-08T13:47:08.438Z - [INFO] Running development environment
2022-02-08T13:47:09.330Z - [INFO] Running development environment
2022-02-08T13:47:12.280Z - [INFO] Running development environment
2022-02-08T13:47:14.100Z - [INFO] Running development environment
2022-02-08T13:47:15.260Z - [INFO] Running development environment
2022-02-08T13:47:17.771Z - [INFO] Running development environment
2022-02-08T13:47:19.121Z - [INFO] Running development environment
2022-02-08T13:47:23.238Z - [INFO] Running development environment
2022-02-08T13:48:49.524Z - [INFO] Running development environment
2022-02-08T13:49:42.214Z - [INFO] Running development environment
2022-02-08T13:50:11.587Z - [INFO] Running development environment
2022-02-08T13:51:07.829Z - [INFO] Email sent: 250 2.0.0 OK  1644328268 x2sm2066623ejj.217 - gsmtp
2022-02-08T13:53:19.733Z - [INFO] Running development environment
2022-02-08T13:53:23.459Z - [INFO] Running development environment
2022-02-08T13:54:45.371Z - [INFO] Running development environment
2022-02-08T13:54:49.912Z - [INFO] Running development environment
2022-02-08T13:54:54.310Z - [INFO] Running development environment
2022-02-08T13:55:02.705Z - [INFO] Running development environment
2022-02-08T13:55:05.873Z - [INFO] Running development environment
2022-02-08T13:55:35.791Z - [INFO] Running development environment
2022-02-08T13:55:40.140Z - [INFO] Running development environment
2022-02-08T13:55:42.399Z - [INFO] Running development environment
2022-02-08T13:57:40.823Z - [INFO] Running development environment
2022-02-08T13:57:42.750Z - [INFO] Running development environment
2022-02-08T13:57:55.588Z - [INFO] Running development environment
2022-02-08T13:59:08.554Z - [INFO] Running development environment
2022-02-08T13:59:15.624Z - [INFO] Running development environment
2022-02-08T13:59:43.462Z - [INFO] Running development environment
2022-02-08T14:00:22.823Z - [INFO] Running development environment
2022-02-08T14:00:25.782Z - [INFO] Running development environment
2022-02-08T14:00:32.667Z - [INFO] Running development environment
2022-02-08T14:00:54.218Z - [INFO] Running development environment
2022-02-08T14:00:59.859Z - [INFO] Running development environment
2022-02-08T14:01:24.649Z - [INFO] Running development environment
2022-02-08T14:01:26.564Z - [INFO] Running development environment
2022-02-08T14:36:02.063Z - [INFO] Running development environment
2022-02-08T14:36:13.381Z - [INFO] Running development environment
2022-02-08T14:36:17.404Z - [INFO] Running development environment
2022-02-08T14:36:25.170Z - [INFO] Running development environment
2022-02-08T14:36:26.274Z - [INFO] Running development environment
2022-02-08T14:36:37.390Z - [INFO] Running development environment
2022-02-08T14:36:42.649Z - [INFO] Running development environment
2022-02-08T14:36:50.712Z - [INFO] Running development environment
2022-02-08T14:37:07.295Z - [INFO] Running development environment
2022-02-08T14:37:10.070Z - [INFO] Running development environment
2022-02-08T14:37:55.592Z - [INFO] Running development environment
2022-02-08T14:37:59.214Z - [INFO] Running development environment
2022-02-08T14:38:03.003Z - [INFO] Running development environment
2022-02-08T14:39:00.290Z - [INFO] Running development environment
2022-02-09T08:25:05.985Z - [INFO] Running development environment
2022-02-09T08:31:08.181Z - [INFO] Email sent: 250 2.0.0 OK  1644395468 en9sm3218697edb.71 - gsmtp
